[18:44:57] [ServerMain/INFO]: [bootstrap] Running Java 21 (OpenJDK 64-Bit Server VM 21.0.5+11-Ubuntu-1ubuntu120.04; Ubuntu null) on Linux 6.5.0-1025-azure (amd64)
[18:44:57] [ServerMain/INFO]: [bootstrap] Loading Paper 1.21.3-63-master@4190ee7 (2024-11-25T18:59:19Z) for Minecraft 1.21.3
[18:44:57] [ServerMain/INFO]: [PluginInitializerManager] Initializing plugins...
[18:45:00] [Paper Plugin Remapper Thread - 0/INFO]: [PluginRemapper] Remapping plugin 'plugins/MoreArmors-3.8.1-all.jar'...
[18:45:01] [ServerMain/ERROR]: [PluginRemapper] Encountered exception remapping plugins
java.util.concurrent.CompletionException: java.lang.RuntimeException: Failed to remap plugin jar 'plugins/MoreArmors-3.8.1-all.jar'
	at java.base/java.util.concurrent.CompletableFuture.encodeThrowable(CompletableFuture.java:315) ~[?:?]
	at java.base/java.util.concurrent.CompletableFuture.completeThrowable(CompletableFuture.java:320) ~[?:?]
	at java.base/java.util.concurrent.CompletableFuture$UniApply.tryFire(CompletableFuture.java:649) ~[?:?]
	at java.base/java.util.concurrent.CompletableFuture$Completion.run(CompletableFuture.java:482) ~[?:?]
	at java.base/java.util.concurrent.ThreadPoolExecutor.runWorker(ThreadPoolExecutor.java:1144) ~[?:?]
	at java.base/java.util.concurrent.ThreadPoolExecutor$Worker.run(ThreadPoolExecutor.java:642) ~[?:?]
	at java.base/java.lang.Thread.run(Thread.java:1583) ~[?:?]
Caused by: java.lang.RuntimeException: Failed to remap plugin jar 'plugins/MoreArmors-3.8.1-all.jar'
	at io.papermc.paper.pluginremap.PluginRemapper.lambda$remap$7(PluginRemapper.java:358) ~[paper-1.21.3.jar:1.21.3-63-4190ee7]
	at java.base/java.util.concurrent.CompletableFuture$UniApply.tryFire(CompletableFuture.java:646) ~[?:?]
	... 4 more
Caused by: java.lang.IllegalStateException: Duplicate entries detected: plugin.yml
	at net.neoforged.art.internal.RenamerImpl.run(RenamerImpl.java:207) ~[paper-1.21.3.jar:?]
	at net.neoforged.art.internal.RenamerImpl.run(RenamerImpl.java:95) ~[paper-1.21.3.jar:?]
	at io.papermc.paper.pluginremap.PluginRemapper.lambda$remap$7(PluginRemapper.java:355) ~[paper-1.21.3.jar:1.21.3-63-4190ee7]
	at java.base/java.util.concurrent.CompletableFuture$UniApply.tryFire(CompletableFuture.java:646) ~[?:?]
	... 4 more
[18:45:02] [ServerMain/INFO]: [PluginInitializerManager] Initialized 20 plugins
[18:45:02] [ServerMain/INFO]: [PluginInitializerManager] Bukkit plugins (20):
 - ArmorQualities (1.3.3), ArmorUp (1.0-SNAPSHOT), AutoTreeChop (1.5.5), AxGraves (1.17.0), CrazyEnchantments (2.5.1), Geyser-Spigot (2.6.0-SNAPSHOT), GodItems (3.0.1), HealthBar-Reloaded (2.0.4.1), MagicItems (1.2), MoreOres (1.13.10), ProtocolLib (5.3.0), TheNewEconomy (0.1.3.4), ValhallaMMO (1.2.7), Veinminer (2.2.2), ViaBackwards (5.2.0), ViaVersion (5.2.0), Waypoints (4.5.3), XPHearts (1.1.0), YamipaPlugin (1.3.2), floodgate (2.2.3-SNAPSHOT (b114-83fbd6e))
[18:45:07] [ServerMain/INFO]: Environment: Environment[sessionHost=https://sessionserver.mojang.com, servicesHost=https://api.minecraftservices.com, name=PROD]
[18:45:09] [ServerMain/INFO]: Loaded 1337 recipes
[18:45:09] [ServerMain/INFO]: Loaded 1448 advancements
[18:45:09] [Server thread/INFO]: Starting minecraft server version 1.21.3
[18:45:09] [Server thread/INFO]: Loading properties
[18:45:09] [Server thread/INFO]: This server is running Paper version 1.21.3-63-master@4190ee7 (2024-11-25T18:59:19Z) (Implementing API version 1.21.3-R0.1-SNAPSHOT)
[18:45:10] [Server thread/INFO]: [spark] This server bundles the spark profiler. For more information please visit https://docs.papermc.io/paper/profiling
[18:45:11] [Server thread/INFO]: Server Ping Player Sample Count: 12
[18:45:11] [Server thread/INFO]: Using 4 threads for Netty based IO
[18:45:12] [Server thread/INFO]: [MoonriseCommon] Paper is using 1 worker threads, 1 I/O threads
[18:45:12] [Server thread/INFO]: [ChunkTaskScheduler] Chunk system is using population gen parallelism: true
[18:45:12] [Server thread/INFO]: Default game type: SURVIVAL
[18:45:12] [Server thread/INFO]: Generating keypair
[18:45:12] [Server thread/INFO]: Starting Minecraft server on *:25565
[18:45:12] [Server thread/INFO]: Using epoll channel type
[18:45:12] [Server thread/INFO]: Paper: Using libdeflate (Linux x86_64) compression from Velocity.
[18:45:12] [Server thread/INFO]: Paper: Using OpenSSL 1.1.x (Linux x86_64) cipher from Velocity.
[18:45:13] [Server thread/INFO]: [SpigotLibraryLoader] [Veinminer] Loading 4 libraries... please wait
[18:45:13] [Server thread/INFO]: [SpigotLibraryLoader] [Veinminer] Loaded library /workspaces/msx/servidor_minecraft/libraries/org/jetbrains/kotlin/kotlin-stdlib/2.1.0/kotlin-stdlib-2.1.0.jar
[18:45:13] [Server thread/INFO]: [SpigotLibraryLoader] [Veinminer] Loaded library /workspaces/msx/servidor_minecraft/libraries/org/jetbrains/annotations/13.0/annotations-13.0.jar
[18:45:13] [Server thread/INFO]: [SpigotLibraryLoader] [Veinminer] Loaded library /workspaces/msx/servidor_minecraft/libraries/org/jetbrains/kotlinx/kotlinx-serialization-json/1.7.3/kotlinx-serialization-json-1.7.3.jar
[18:45:13] [Server thread/INFO]: [SpigotLibraryLoader] [Veinminer] Loaded library /workspaces/msx/servidor_minecraft/libraries/org/jetbrains/kotlinx/kotlinx-serialization-json-jvm/1.7.3/kotlinx-serialization-json-jvm-1.7.3.jar
[18:45:13] [Server thread/INFO]: [SpigotLibraryLoader] [Veinminer] Loaded library /workspaces/msx/servidor_minecraft/libraries/org/jetbrains/kotlinx/kotlinx-serialization-core-jvm/1.7.3/kotlinx-serialization-core-jvm-1.7.3.jar
[18:45:13] [Server thread/INFO]: [SpigotLibraryLoader] [Veinminer] Loaded library /workspaces/msx/servidor_minecraft/libraries/org/jetbrains/kotlinx/kotlinx-coroutines-core/1.9.0/kotlinx-coroutines-core-1.9.0.jar
[18:45:13] [Server thread/INFO]: [SpigotLibraryLoader] [Veinminer] Loaded library /workspaces/msx/servidor_minecraft/libraries/org/jetbrains/kotlinx/kotlinx-coroutines-core-jvm/1.9.0/kotlinx-coroutines-core-jvm-1.9.0.jar
[18:45:13] [Server thread/INFO]: [SpigotLibraryLoader] [Veinminer] Loaded library /workspaces/msx/servidor_minecraft/libraries/de/miraculixx/kpaper/1.2.1/kpaper-1.2.1.jar
[18:45:13] [Server thread/INFO]: [SpigotLibraryLoader] [Veinminer] Loaded library /workspaces/msx/servidor_minecraft/libraries/org/jetbrains/kotlinx/kotlinx-coroutines-jdk8/1.7.1/kotlinx-coroutines-jdk8-1.7.1.jar
[18:45:13] [Server thread/INFO]: [SpigotLibraryLoader] [Veinminer] Loaded library /workspaces/msx/servidor_minecraft/libraries/org/jetbrains/kotlin/kotlin-stdlib-jdk8/1.8.22/kotlin-stdlib-jdk8-1.8.22.jar
[18:45:13] [Server thread/INFO]: [SpigotLibraryLoader] [Veinminer] Loaded library /workspaces/msx/servidor_minecraft/libraries/org/jetbrains/kotlin/kotlin-stdlib-jdk7/1.8.22/kotlin-stdlib-jdk7-1.8.22.jar
[18:45:13] [Server thread/INFO]: [SpigotLibraryLoader] [Waypoints] Loading 3 libraries... please wait
[18:45:13] [Server thread/INFO]: [SpigotLibraryLoader] [Waypoints] Loaded library /workspaces/msx/servidor_minecraft/libraries/org/jetbrains/kotlin/kotlin-stdlib/2.0.0/kotlin-stdlib-2.0.0.jar
[18:45:13] [Server thread/INFO]: [SpigotLibraryLoader] [Waypoints] Loaded library /workspaces/msx/servidor_minecraft/libraries/org/jetbrains/annotations/13.0/annotations-13.0.jar
[18:45:13] [Server thread/INFO]: [SpigotLibraryLoader] [Waypoints] Loaded library /workspaces/msx/servidor_minecraft/libraries/org/jetbrains/kotlin/kotlin-reflect/2.0.0/kotlin-reflect-2.0.0.jar
[18:45:13] [Server thread/INFO]: [SpigotLibraryLoader] [Waypoints] Loaded library /workspaces/msx/servidor_minecraft/libraries/org/jetbrains/kotlinx/kotlinx-coroutines-core-jvm/1.8.1/kotlinx-coroutines-core-jvm-1.8.1.jar
[18:45:14] [Server thread/INFO]: [ViaVersion] Loading server plugin ViaVersion v5.2.0
[18:45:14] [Server thread/INFO]: [ViaVersion] ViaVersion 5.2.0 is now loaded. Registering protocol transformers and injecting...
[18:45:15] [Via-Mappingloader-0/INFO]: [ViaVersion] Loading block connection mappings ...
[18:45:15] [Via-Mappingloader-0/INFO]: [ViaVersion] Using FastUtil Long2ObjectOpenHashMap for block connections
[18:45:15] [Server thread/INFO]: [ViaBackwards] Loading translations...
[18:45:15] [Server thread/INFO]: [ViaBackwards] Registering protocols...
[18:45:16] [Server thread/INFO]: [floodgate] Loading server plugin floodgate v2.2.3-SNAPSHOT (b114-83fbd6e)
[18:45:17] [Server thread/WARN]: [floodgate] en_ is not a supported Floodgate language.
[18:45:17] [Server thread/INFO]: [floodgate] Took 985ms to boot Floodgate
[18:45:17] [Server thread/INFO]: [ProtocolLib] Loading server plugin ProtocolLib v5.3.0
[18:45:17] [Server thread/WARN]: [ProtocolLib] Version (MC: 1.21.3) has not yet been tested! Proceed with caution.
[18:45:17] [Server thread/INFO]: [HealthBar-Reloaded] Loading server plugin HealthBar-Reloaded v2.0.4.1
[18:45:17] [Server thread/INFO]: [CrazyEnchantments] Loading server plugin CrazyEnchantments v2.5.1
[18:45:17] [Server thread/INFO]: [AutoTreeChop] Loading server plugin AutoTreeChop v1.5.5
[18:45:17] [Server thread/INFO]: [MagicItems] Loading server plugin MagicItems v1.2
[18:45:17] [Server thread/INFO]: [ArmorUp] Loading server plugin ArmorUp v1.0-SNAPSHOT
[18:45:17] [Server thread/INFO]: [AxGraves] Loading server plugin AxGraves v1.17.0
[18:45:17] [Server thread/INFO]: [AxGraves] Loading library commons-math3
[18:45:17] [Server thread/INFO]: [AxGraves] Loading library caffeine
[18:45:17] [Server thread/INFO]: [ArmorQualities] Loading server plugin ArmorQualities v1.3.3
[18:45:17] [Server thread/INFO]: [Veinminer] Loading server plugin Veinminer v2.2.2
[18:45:18] [Server thread/INFO]: [GodItems] Loading server plugin GodItems v3.0.1
[18:45:18] [Server thread/INFO]: [GodItems] Optional dependency WorldGuard not found. WorldGuard related features will not work.
[18:45:18] [Server thread/INFO]: [ValhallaMMO] Loading server plugin ValhallaMMO v1.2.7
[18:45:18] [Server thread/INFO]: [ValhallaMMO] Loading ValhallaMMO config with language en-us selected
[18:45:18] [Server thread/INFO]: [MoreOres] Loading server plugin MoreOres v1.13.10
[18:45:18] [Server thread/INFO]: [Geyser-Spigot] Loading server plugin Geyser-Spigot v2.6.0-SNAPSHOT
[18:45:19] [Server thread/INFO]: [Geyser-Spigot] Loading extensions...
[18:45:19] [Server thread/INFO]: [Geyser-Spigot] Loaded 0 extension(s)
[18:45:19] [Server thread/INFO]: [ViaBackwards] Loading server plugin ViaBackwards v5.2.0
[18:45:19] [Server thread/INFO]: [Waypoints] Loading server plugin Waypoints v4.5.3
[18:45:20] [Server thread/INFO]: [YamipaPlugin] Loading server plugin YamipaPlugin v1.3.2
[18:45:20] [Server thread/INFO]: [TheNewEconomy] Loading server plugin TheNewEconomy v0.1.3.4
[18:45:20] [Server thread/INFO]: [TheNewEconomy] Checking for VaultUnlocked
[18:45:20] [Server thread/WARN]: [TheNewEconomy] Unable to connect to VaultUnlocked!
[18:45:20] [Server thread/INFO]: [TheNewEconomy] Checking for Vault
[18:45:20] [Server thread/WARN]: [TheNewEconomy] Unable to connect to vault!
[18:45:20] [Server thread/INFO]: [XPHearts] Loading server plugin XPHearts v1.1.0
[18:45:20] [Server thread/INFO]: Server permissions file permissions.yml is empty, ignoring it
[18:45:20] [Server thread/INFO]: [ProtocolLib] Enabling ProtocolLib v5.3.0
[18:45:20] [Server thread/INFO]: [Veinminer] Enabling Veinminer v2.2.2
[18:45:20] [Server thread/WARN]: **** SERVER IS RUNNING IN OFFLINE/INSECURE MODE!
[18:45:20] [Server thread/WARN]: The server will make no attempt to authenticate usernames. Beware.
[18:45:20] [Server thread/WARN]: While this makes the game possible to play without internet access, it also opens up the ability for hackers to connect with any username they choose.
[18:45:20] [Server thread/WARN]: To change this, set "online-mode" to "true" in the server.properties file.
[18:45:20] [Server thread/INFO]: Preparing level "world"
[18:45:20] [DefaultDispatcher-worker-1/INFO]: [VeinminerUpdater] veinminer is up to date
[18:45:20] [Server thread/INFO]: Preparing start region for dimension minecraft:overworld
[18:45:20] [Paper Common Worker #0/INFO]: [MCTypeRegistry] Initialising converters for DataConverter...
[18:45:21] [Paper Common Worker #0/INFO]: [MCTypeRegistry] Finished initialising converters for DataConverter in 294.0ms
[18:45:21] [Server thread/INFO]: Preparing spawn area: 0%
[18:45:21] [Server thread/INFO]: Preparing spawn area: 2%
[18:45:21] [Server thread/INFO]: Preparing spawn area: 16%
[18:45:21] [Server thread/INFO]: Time elapsed: 1160 ms
[18:45:21] [Server thread/INFO]: Preparing start region for dimension minecraft:the_nether
[18:45:21] [Server thread/INFO]: Preparing spawn area: 0%
[18:45:22] [Server thread/INFO]: Time elapsed: 202 ms
[18:45:22] [Server thread/INFO]: Preparing start region for dimension minecraft:the_end
[18:45:22] [Server thread/INFO]: Preparing spawn area: 0%
[18:45:22] [Server thread/INFO]: Time elapsed: 85 ms
[18:45:22] [Server thread/INFO]: [ViaVersion] Enabling ViaVersion v5.2.0
[18:45:22] [Server thread/INFO]: [ViaVersion] ViaVersion detected server version: 1.21.2-1.21.3 (768)
[18:45:22] [Server thread/INFO]: [floodgate] Enabling floodgate v2.2.3-SNAPSHOT (b114-83fbd6e)
[18:45:22] [Server thread/INFO]: [HealthBar-Reloaded] Enabling HealthBar-Reloaded v2.0.4.1
[18:45:22] [Server thread/INFO]: [CrazyEnchantments] Enabling CrazyEnchantments v2.5.1
[18:45:22] [Server thread/INFO]: [CrazyEnchantments] Loading the config.yml
[18:45:22] [Server thread/INFO]: [CrazyEnchantments] Successfully loaded config.yml
[18:45:22] [Server thread/INFO]: [CrazyEnchantments] Loading the BlockList.yml
[18:45:22] [Server thread/INFO]: [CrazyEnchantments] Successfully loaded BlockList.yml
[18:45:22] [Server thread/INFO]: [CrazyEnchantments] Loading the HeadMap.yml
[18:45:22] [Server thread/INFO]: [CrazyEnchantments] Successfully loaded HeadMap.yml
[18:45:22] [Server thread/INFO]: [CrazyEnchantments] Loading the Data.yml
[18:45:22] [Server thread/INFO]: [CrazyEnchantments] Successfully loaded Data.yml
[18:45:22] [Server thread/INFO]: [CrazyEnchantments] Loading the Enchantments.yml
[18:45:22] [Server thread/INFO]: [CrazyEnchantments] Successfully loaded Enchantments.yml
[18:45:22] [Server thread/INFO]: [CrazyEnchantments] Loading the GKitz.yml
[18:45:22] [Server thread/INFO]: [CrazyEnchantments] Successfully loaded GKitz.yml
[18:45:22] [Server thread/INFO]: [CrazyEnchantments] Loading the Messages.yml
[18:45:22] [Server thread/INFO]: [CrazyEnchantments] Successfully loaded Messages.yml
[18:45:22] [Server thread/INFO]: [CrazyEnchantments] Loading the Enchantment-Types.yml
[18:45:22] [Server thread/INFO]: [CrazyEnchantments] Successfully loaded Enchantment-Types.yml
[18:45:22] [Server thread/INFO]: [CrazyEnchantments] Loading the Tinker.yml
[18:45:22] [Server thread/INFO]: [CrazyEnchantments] Successfully loaded Tinker.yml
[18:45:22] [Server thread/WARN]: [CrazyEnchantments] No eco plugin found or the eco plugin didn't enable. Any economy based feature will not work.
[18:45:22] [Server thread/INFO]: [CrazyEnchantments]: === CrazyEnchantment Hook Status ===
[18:45:22] [Server thread/INFO]: [CrazyEnchantments]: VAULT NOT FOUND
[18:45:22] [Server thread/INFO]: [CrazyEnchantments]: WORLDEDIT NOT FOUND
[18:45:22] [Server thread/INFO]: [CrazyEnchantments]: NO_CHEAT_PLUS NOT FOUND
[18:45:22] [Server thread/INFO]: [CrazyEnchantments]: GRIEF_PREVENTION NOT FOUND
[18:45:22] [Server thread/INFO]: [CrazyEnchantments]: ORAXEN NOT FOUND
[18:45:22] [Server thread/INFO]: [CrazyEnchantments]: MCMMO NOT FOUND
[18:45:22] [Server thread/INFO]: [CrazyEnchantments]: PLOT_SQUARED NOT FOUND
[18:45:22] [Server thread/INFO]: [CrazyEnchantments]: LANDS NOT FOUND
[18:45:22] [Server thread/INFO]: [CrazyEnchantments]: FACTIONS_UUID NOT FOUND
[18:45:22] [Server thread/INFO]: [CrazyEnchantments]: WORLDGUARD NOT FOUND
[18:45:22] [Server thread/INFO]: [CrazyEnchantments]: SUPERIORSKYBLOCK NOT FOUND
[18:45:22] [Server thread/INFO]: [CrazyEnchantments]: TOWNYADVANCED NOT FOUND
[18:45:23] [Server thread/INFO]: [CrazyEnchantments] G-Kitz support is now enabled.
[18:45:23] [Server thread/INFO]: [AutoTreeChop] Enabling AutoTreeChop v1.5.5
[18:45:23] [Server thread/WARN]: [AutoTreeChop] PlaceholderAPI not found. Placeholder expansion for AutoTreeChop will not work.
[18:45:23] [Server thread/INFO]: [MagicItems] Enabling MagicItems v1.2
[18:45:23] [Server thread/INFO]: [MagicItems] All names loaded!
[18:45:23] [Server thread/INFO]: [MagicItems] If any warnings showed up, you could try to delete the config.yml file so new one could generate.
[18:45:23] [Server thread/INFO]: [MagicItems] Hello from magic items!
[18:45:23] [Server thread/INFO]: [ArmorUp] Enabling ArmorUp v1.0-SNAPSHOT
[18:45:24] [Server thread/INFO]: [AxGraves] Enabling AxGraves v1.17.0
[18:45:24] [Server thread/INFO]: [ArmorQualities] Enabling ArmorQualities v1.3.3
[18:45:24] [Server thread/INFO]: [ArmorQualities] Reforge plugin enabled
[18:45:24] [Server thread/INFO]: [GodItems] Enabling GodItems v3.0.1
[18:45:24] [Server thread/INFO]: [GodItems] Made by MitromniZ and Cros_bow
[18:45:24] [Server thread/INFO]: [GodItems] The texture pack is only available if you download the plugin from our patreon page
[18:45:25] [Server thread/INFO]: [ValhallaMMO] Enabling ValhallaMMO v1.2.7
[18:45:25] [Server thread/INFO]: [ValhallaMMO] NMS version NMS_v1_21_R2 registered!
[18:45:25] [Server thread/INFO]: [ValhallaMMO] Resource pack hosting not established! Use /val resourcepack setup if you want ValhallaMMO's resource pack hosted for you
[18:45:25] [Server thread/WARN]: [ValhallaMMO] No valid host for the resource pack configured! You may ignore this warning if you've not set up the resource pack.
[18:45:25] [Server thread/INFO]: [ValhallaMMO] MiniMessage support initialized
[18:45:25] [Server thread/WARN]: [ValhallaMMO] No translated value mapped for smithing-upgrade-disallowed-deepslate-mining
[18:45:28] [Server thread/INFO]: [ValhallaMMO] Database connection failed, attempting SQLite for profile persistence
[18:45:28] [Server thread/INFO]: [ValhallaMMO] SQLite connection created! Deleting this file will reset everyone's progress, so back this file up or ignore it in case you want to delete/reset the configs.
[18:45:29] [Server thread/INFO]: [ValhallaMMO] Loading brewing recipes from plugins/ValhallaMMO/recipes/brewing_recipes.json
[18:45:29] [Server thread/INFO]: [ValhallaMMO] Loading crafting grid recipes from plugins/ValhallaMMO/recipes/grid_recipes.json
[18:45:29] [Server thread/INFO]: [ValhallaMMO] Loading smithing recipes from plugins/ValhallaMMO/recipes/smithing_recipes.json
[18:45:29] [Server thread/INFO]: [ValhallaMMO] Loading immersive recipes from plugins/ValhallaMMO/recipes/immersive_recipes.json
[18:45:29] [Server thread/INFO]: [ValhallaMMO] Loading cauldron recipes from plugins/ValhallaMMO/recipes/cauldron_recipes.json
[18:45:29] [Server thread/INFO]: [ValhallaMMO] Loading cooking recipes from plugins/ValhallaMMO/recipes/cooking_recipes.json
[18:45:29] [Server thread/INFO]: [ValhallaMMO] Loading brewing recipes from plugins/ValhallaMMO/recipes/brewing_recipes_1_20_6+.json
[18:45:29] [Server thread/INFO]: [MoreOres] Enabling MoreOres v1.13.10
[18:45:29] [Server thread/INFO]: Environment: Environment[sessionHost=https://sessionserver.mojang.com, servicesHost=https://api.minecraftservices.com, name=PROD]
[18:45:29] [Server thread/INFO]: More Ores Loaded Successfully! :-D
[18:45:29] [Server thread/INFO]: [Geyser-Spigot] Enabling Geyser-Spigot v2.6.0-SNAPSHOT
[18:45:29] [Server thread/INFO]: [ViaBackwards] Enabling ViaBackwards v5.2.0
[18:45:29] [Server thread/INFO]: [Waypoints] Enabling Waypoints v4.5.3
[18:45:30] [Server thread/INFO]: [YamipaPlugin] Enabling YamipaPlugin v1.3.2
[18:45:30] [Server thread/INFO]: [YamipaPlugin] Enabled image animation support
[18:45:30] [Server thread/INFO]: [YamipaPlugin] [ImageRenderer] No placed fake images configuration file found
[18:45:30] [Thread-15/WARN]: [YamipaPlugin] [FileSystemWatcher] Device does not support inotify, detection of file changes will be slower
[18:45:30] [Server thread/INFO]: [TheNewEconomy] Enabling TheNewEconomy v0.1.3.4
[18:45:30] [Server thread/INFO]: [TheNewEconomy] Loading configurations!
[18:45:31] [Server thread/INFO]: [TheNewEconomy] The New Economy has been enabled!
[18:45:31] [Server thread/INFO]: [XPHearts] Enabling XPHearts v1.1.0
[18:45:31] [Server thread/INFO]: [spark] Starting background profiler...
[18:45:31] [Server thread/INFO]: [Geyser-Spigot] ******************************************
[18:45:31] [Server thread/INFO]: [Geyser-Spigot] 
[18:45:31] [Server thread/INFO]: [Geyser-Spigot] Loading Geyser version 2.6.0-b734 (git-master-64c7adc)
[18:45:31] [Server thread/INFO]: [Geyser-Spigot] 
[18:45:31] [Server thread/INFO]: [Geyser-Spigot] ******************************************
[18:45:34] [epollEventLoopGroup-3-1/INFO]: [Geyser-Spigot] Started Geyser on UDP port 19132
[18:45:34] [Server thread/INFO]: [Geyser-Spigot] Done (2.902s)! Run /geyser help for help!
[18:45:34] [Server thread/INFO]: Done preparing level "world" (14.378s)
[18:45:34] [Server thread/INFO]: Running delayed init tasks
[18:45:34] [Craft Scheduler Thread - 2 - ViaVersion/INFO]: [ViaVersion] Finished mapping loading, shutting down loader executor.
[18:45:34] [Server thread/INFO]: Done (39.285s)! For help, type "help"
[18:45:35] [Craft Scheduler Thread - 8 - Waypoints/INFO]: [Waypoints] The version v4.5.5 for Waypoints is available.
Checkout the release here: https://github.com/Sytm/waypoints/releases/tag/v4.5.5
[18:47:08] [epollEventLoopGroup-4-1/INFO]: [Geyser-Spigot] Player connected with username Lienx10146465
[18:47:08] [localSession-7-2/INFO]: [Geyser-Spigot] Lienx10146465 (logged in as: Lienx10146465) has connected to the Java server
[18:47:09] [Server thread/INFO]: [floodgate] Floodgate player logged in as .Lienx10146465 joined (UUID: 00000000-0000-0000-0009-01f6b61fc3fb)
[18:47:09] [Server thread/INFO]: .Lienx10146465 joined the game
[18:47:10] [Server thread/INFO]: .Lienx10146465[/100.113.150.102:0] logged in with entity id 8 at ([world]760.30001, 26.07999618561136, -140.49266)
[18:47:11] [epollEventLoopGroup-4-2/INFO]: [Geyser-Spigot] Player connected with username robert190206
[18:47:11] [localSession-7-3/INFO]: [Geyser-Spigot] robert190206 (logged in as: robert190206) has connected to the Java server
[18:47:12] [Server thread/INFO]: [floodgate] Floodgate player logged in as .robert190206 joined (UUID: 00000000-0000-0000-0009-01ffdd150c28)
[18:47:12] [Server thread/INFO]: .robert190206 joined the game
[18:47:12] [Server thread/INFO]: .robert190206[/100.118.246.110:0] logged in with entity id 136 at ([world]25.72836, 73.0, 6.1282973)
[18:47:45] [Server thread/INFO]: [org.milkteamc.autotreechop.libs.hikari.HikariDataSource] HikariPool-1 - Starting...
[18:47:45] [Server thread/INFO]: [org.milkteamc.autotreechop.libs.hikari.HikariDataSource] HikariPool-1 - Start completed.
[18:47:46] [Async Chat Thread - #0/INFO]: [Not Secure] <.Lienx10146465> yo
[18:47:51] [Server thread/INFO]: [org.milkteamc.autotreechop.libs.hikari.HikariDataSource] HikariPool-2 - Starting...
[18:47:51] [Server thread/INFO]: [org.milkteamc.autotreechop.libs.hikari.HikariDataSource] HikariPool-2 - Start completed.
[18:48:13] [Async Chat Thread - #0/INFO]: [Not Secure] <.Lienx10146465> estoy atrapado ayudaa
[18:49:14] [Server thread/INFO]: .robert190206 was slain by Zombie
[18:50:29] [User Authenticator #0/INFO]: UUID of player enzokuoshu2 is 72ef933b-ad04-30d9-ba8e-7d3fff18ebdc
[18:50:31] [Async Chat Thread - #2/INFO]: [Not Secure] <.robert190206> dondee
[18:50:32] [Server thread/INFO]: enzokuoshu2 joined the game
[18:50:32] [Server thread/INFO]: enzokuoshu2[/100.95.11.115:63768] logged in with entity id 1207 at ([world]-10.348774433544635, 75.59535610952899, -1881.3893459748974)
[18:50:48] [Server thread/WARN]: enzokuoshu2 moved too quickly! 25.430357616818718,0.0,11.865634194408358
[18:50:57] [Async Chat Thread - #2/INFO]: [Not Secure] <enzokuoshu2> ola papus
[18:51:07] [Server thread/INFO]: enzokuoshu2 issued server command: /tps
[18:51:32] [Server thread/INFO]: enzokuoshu2 issued server command: /tp enzokuoshu2 .Lienx10146465
[18:51:32] [Server thread/INFO]: [enzokuoshu2: Teleported enzokuoshu2 to .Lienx10146465]
[18:51:33] [Async Chat Thread - #2/INFO]: [Not Secure] <.robert190206> no me deja poner la mesa de trabajo
[18:51:46] [Async Chat Thread - #3/INFO]: [Not Secure] <.Lienx10146465> dame un solo bloque de madera
[18:52:00] [Async Chat Thread - #3/INFO]: [Not Secure] <.Lienx10146465> quesesto
[18:52:13] [Async Chat Thread - #3/INFO]: [Not Secure] <.robert190206> cabron desapareció mi mesa
[18:52:47] [Async Chat Thread - #3/INFO]: [Not Secure] <enzokuoshu2> ni idea
[18:52:50] [Async Chat Thread - #3/INFO]: [Not Secure] <enzokuoshu2> fundilo
[18:53:01] [Async Chat Thread - #3/INFO]: [Not Secure] <.Lienx10146465> dame un solo bloque de madera
[18:53:02] [Server thread/INFO]: .robert190206 was shot by Skeleton
[18:54:07] [Server thread/INFO]: enzokuoshu2 issued server command: /goditems:getitem dragon_fang
[18:54:13] [Server thread/INFO]: .robert190206 has made the advancement [Stone Age]
[18:54:31] [Server thread/INFO]: enzokuoshu2 issued server command: /getitem dragon_fang fullset
